# JRE version: Java(TM) SE Runtime Environment (8.0_221-b11) (build 1.8.0_221-b11)
# Java VM: Java HotSpot(TM) 64-Bit Server VM (25.221-b11 mixed mode windows-amd64 compressed oops)
Heap:
 PSYoungGen      total 200192K, used 121619K [0x00000000eab00000, 0x00000000f9200000, 0x0000000100000000)
  eden space 193536K, 60% used [0x00000000eab00000,0x00000000f1d5ae98,0x00000000f6800000)
  from space 6656K, 67% used [0x00000000f6800000,0x00000000f6c6a040,0x00000000f6e80000)
  to   space 7168K, 0% used [0x00000000f8b00000,0x00000000f8b00000,0x00000000f9200000)
 ParOldGen       total 55808K, used 19298K [0x00000000c0000000, 0x00000000c3680000, 0x00000000eab00000)
  object space 55808K, 34% used [0x00000000c0000000,0x00000000c12d8bd8,0x00000000c3680000)
 Metaspace       used 49647K, capacity 52412K, committed 52440K, reserved 1095680K
  class space    used 6110K, capacity 6594K, committed 6616K, reserved 1048576K
GC Heap History (10 events):
Event: 5.002 GC heap before
{Heap before GC invocations=11 (full 1):
 PSYoungGen      total 135168K, used 133460K [0x00000000eab00000, 0x00000000f5300000, 0x0000000100000000)
  eden space 131072K, 100% used [0x00000000eab00000,0x00000000f2b00000,0x00000000f2b00000)
  from space 4096K, 58% used [0x00000000f2b00000,0x00000000f2d55040,0x00000000f2f00000)
  to   space 4096K, 0% used [0x00000000f4f00000,0x00000000f4f00000,0x00000000f5300000)
 ParOldGen       total 33280K, used 6142K [0x00000000c0000000, 0x00000000c2080000, 0x00000000eab00000)
  object space 33280K, 18% used [0x00000000c0000000,0x00000000c05ff848,0x00000000c2080000)
 Metaspace       used 30766K, capacity 31848K, committed 32128K, reserved 1077248K
  class space    used 3923K, capacity 4170K, committed 4224K, reserved 1048576K
Event: 5.011 GC heap after
Heap after GC invocations=11 (full 1):
 PSYoungGen      total 164864K, used 4084K [0x00000000eab00000, 0x00000000f5300000, 0x0000000100000000)
  eden space 160768K, 0% used [0x00000000eab00000,0x00000000eab00000,0x00000000f4800000)
  from space 4096K, 99% used [0x00000000f4f00000,0x00000000f52fd040,0x00000000f5300000)
  to   space 4608K, 0% used [0x00000000f4a00000,0x00000000f4a00000,0x00000000f4e80000)
 ParOldGen       total 33280K, used 6702K [0x00000000c0000000, 0x00000000c2080000, 0x00000000eab00000)
  object space 33280K, 20% used [0x00000000c0000000,0x00000000c068b848,0x00000000c2080000)
 Metaspace       used 30766K, capacity 31848K, committed 32128K, reserved 1077248K
  class space    used 3923K, capacity 4170K, committed 4224K, reserved 1048576K
}
Event: 6.134 GC heap before
{Heap before GC invocations=12 (full 1):
 PSYoungGen      total 164864K, used 71905K [0x00000000eab00000, 0x00000000f5300000, 0x0000000100000000)
  eden space 160768K, 42% used [0x00000000eab00000,0x00000000eed3b758,0x00000000f4800000)
  from space 4096K, 99% used [0x00000000f4f00000,0x00000000f52fd040,0x00000000f5300000)
  to   space 4608K, 0% used [0x00000000f4a00000,0x00000000f4a00000,0x00000000f4e80000)
 ParOldGen       total 33280K, used 6702K [0x00000000c0000000, 0x00000000c2080000, 0x00000000eab00000)
  object space 33280K, 20% used [0x00000000c0000000,0x00000000c068b848,0x00000000c2080000)
 Metaspace       used 33818K, capacity 35310K, committed 35416K, reserved 1079296K
  class space    used 4336K, capacity 4629K, committed 4696K, reserved 1048576K
Event: 6.146 GC heap after
Heap after GC invocations=12 (full 1):
 PSYoungGen      total 167424K, used 4576K [0x00000000eab00000, 0x00000000f7500000, 0x0000000100000000)
  eden space 162816K, 0% used [0x00000000eab00000,0x00000000eab00000,0x00000000f4a00000)
  from space 4608K, 99% used [0x00000000f4a00000,0x00000000f4e78030,0x00000000f4e80000)
  to   space 5632K, 0% used [0x00000000f6f80000,0x00000000f6f80000,0x00000000f7500000)
 ParOldGen       total 33280K, used 7933K [0x00000000c0000000, 0x00000000c2080000, 0x00000000eab00000)
  object space 33280K, 23% used [0x00000000c0000000,0x00000000c07bf688,0x00000000c2080000)
 Metaspace       used 33818K, capacity 35310K, committed 35416K, reserved 1079296K
  class space    used 4336K, capacity 4629K, committed 4696K, reserved 1048576K
}
Event: 6.147 GC heap before
{Heap before GC invocations=13 (full 2):
 PSYoungGen      total 167424K, used 4576K [0x00000000eab00000, 0x00000000f7500000, 0x0000000100000000)
  eden space 162816K, 0% used [0x00000000eab00000,0x00000000eab00000,0x00000000f4a00000)
  from space 4608K, 99% used [0x00000000f4a00000,0x00000000f4e78030,0x00000000f4e80000)
  to   space 5632K, 0% used [0x00000000f6f80000,0x00000000f6f80000,0x00000000f7500000)
 ParOldGen       total 33280K, used 7933K [0x00000000c0000000, 0x00000000c2080000, 0x00000000eab00000)
  object space 33280K, 23% used [0x00000000c0000000,0x00000000c07bf688,0x00000000c2080000)
 Metaspace       used 33818K, capacity 35310K, committed 35416K, reserved 1079296K
  class space    used 4336K, capacity 4629K, committed 4696K, reserved 1048576K
Event: 6.261 GC heap after
Heap after GC invocations=13 (full 2):
 PSYoungGen      total 167424K, used 0K [0x00000000eab00000, 0x00000000f7500000, 0x0000000100000000)
  eden space 162816K, 0% used [0x00000000eab00000,0x00000000eab00000,0x00000000f4a00000)
  from space 4608K, 0% used [0x00000000f4a00000,0x00000000f4a00000,0x00000000f4e80000)
  to   space 5632K, 0% used [0x00000000f6f80000,0x00000000f6f80000,0x00000000f7500000)
 ParOldGen       total 55808K, used 11829K [0x00000000c0000000, 0x00000000c3680000, 0x00000000eab00000)
  object space 55808K, 21% used [0x00000000c0000000,0x00000000c0b8d7b0,0x00000000c3680000)
 Metaspace       used 33818K, capacity 35310K, committed 35416K, reserved 1079296K
  class space    used 4336K, capacity 4629K, committed 4696K, reserved 1048576K
}
Event: 7.902 GC heap before
{Heap before GC invocations=14 (full 2):
 PSYoungGen      total 167424K, used 162816K [0x00000000eab00000, 0x00000000f7500000, 0x0000000100000000)
  eden space 162816K, 100% used [0x00000000eab00000,0x00000000f4a00000,0x00000000f4a00000)
  from space 4608K, 0% used [0x00000000f4a00000,0x00000000f4a00000,0x00000000f4e80000)
  to   space 5632K, 0% used [0x00000000f6f80000,0x00000000f6f80000,0x00000000f7500000)
 ParOldGen       total 55808K, used 11829K [0x00000000c0000000, 0x00000000c3680000, 0x00000000eab00000)
  object space 55808K, 21% used [0x00000000c0000000,0x00000000c0b8d7b0,0x00000000c3680000)
 Metaspace       used 40150K, capacity 41858K, committed 42072K, reserved 1085440K
  class space    used 5081K, capacity 5415K, committed 5464K, reserved 1048576K
Event: 7.914 GC heap after
Heap after GC invocations=14 (full 2):
 PSYoungGen      total 198144K, used 5600K [0x00000000eab00000, 0x00000000f7500000, 0x0000000100000000)
  eden space 192512K, 0% used [0x00000000eab00000,0x00000000eab00000,0x00000000f6700000)
  from space 5632K, 99% used [0x00000000f6f80000,0x00000000f74f8290,0x00000000f7500000)
  to   space 6656K, 0% used [0x00000000f6800000,0x00000000f6800000,0x00000000f6e80000)
 ParOldGen       total 55808K, used 13810K [0x00000000c0000000, 0x00000000c3680000, 0x00000000eab00000)
  object space 55808K, 24% used [0x00000000c0000000,0x00000000c0d7c880,0x00000000c3680000)
 Metaspace       used 40150K, capacity 41858K, committed 42072K, reserved 1085440K
  class space    used 5081K, capacity 5415K, committed 5464K, reserved 1048576K
}
Event: 16.987 GC heap before
{Heap before GC invocations=15 (full 2):
 PSYoungGen      total 198144K, used 198112K [0x00000000eab00000, 0x00000000f7500000, 0x0000000100000000)
  eden space 192512K, 100% used [0x00000000eab00000,0x00000000f6700000,0x00000000f6700000)
  from space 5632K, 99% used [0x00000000f6f80000,0x00000000f74f8290,0x00000000f7500000)
  to   space 6656K, 0% used [0x00000000f6800000,0x00000000f6800000,0x00000000f6e80000)
 ParOldGen       total 55808K, used 13810K [0x00000000c0000000, 0x00000000c3680000, 0x00000000eab00000)
  object space 55808K, 24% used [0x00000000c0000000,0x00000000c0d7c880,0x00000000c3680000)
 Metaspace       used 44921K, capacity 47108K, committed 47320K, reserved 1091584K
  class space    used 5706K, capacity 6096K, committed 6104K, reserved 1048576K
Event: 17.006 GC heap after
Heap after GC invocations=15 (full 2):
 PSYoungGen      total 200192K, used 4520K [0x00000000eab00000, 0x00000000f9200000, 0x0000000100000000)
  eden space 193536K, 0% used [0x00000000eab00000,0x00000000eab00000,0x00000000f6800000)
  from space 6656K, 67% used [0x00000000f6800000,0x00000000f6c6a040,0x00000000f6e80000)
  to   space 7168K, 0% used [0x00000000f8b00000,0x00000000f8b00000,0x00000000f9200000)
 ParOldGen       total 55808K, used 19298K [0x00000000c0000000, 0x00000000c3680000, 0x00000000eab00000)
  object space 55808K, 34% used [0x00000000c0000000,0x00000000c12d8bd8,0x00000000c3680000)
 Metaspace       used 44921K, capacity 47108K, committed 47320K, reserved 1091584K
  class space    used 5706K, capacity 6096K, committed 6104K, reserved 1048576K
}

